#************************************************************
#*               MadGraph5_aMC@NLO/MadEvent                 *
#*                                                          *
#*                *                       *                 *
#*                  *        * *        *                   *
#*                    * * * * 5 * * * *                     *
#*                  *        * *        *                   *
#*                *                       *                 *
#*                                                          *
#*                                                          *
#*         VERSION 3.5.2                                    *
#*                                                          *
#*    The MadGraph5_aMC@NLO Development Team - Find us at   *
#*    https://server06.fynu.ucl.ac.be/projects/madgraph     *
#*                                                          *
#************************************************************
#*                                                          *
#*               Command File for MadEvent                  *
#*                                                          *
#*     run as ./bin/madevent.py filename                    *
#*                                                          *
#************************************************************
generate_events 
Traceback (most recent call last):
  File "/srv/test_matteo/MG5_aMC_v3_5_0/LO+1j_f/ggF_norm/bin/internal/extended_cmd.py", line 1543, in onecmd
    return self.onecmd_orig(line, **opt)
  File "/srv/test_matteo/MG5_aMC_v3_5_0/LO+1j_f/ggF_norm/bin/internal/extended_cmd.py", line 1492, in onecmd_orig
    return func(arg, **opt)
  File "/srv/test_matteo/MG5_aMC_v3_5_0/LO+1j_f/ggF_norm/bin/internal/madevent_interface.py", line 2403, in do_generate_events
    self.run_generate_events(switch_mode, args)
  File "/srv/test_matteo/MG5_aMC_v3_5_0/LO+1j_f/ggF_norm/bin/internal/common_run_interface.py", line 7656, in new_fct
    original_fct(obj, *args, **opts)
  File "/srv/test_matteo/MG5_aMC_v3_5_0/LO+1j_f/ggF_norm/bin/internal/madevent_interface.py", line 2601, in run_generate_events
    self.exec_cmd('refine %s' % nb_event, postcmd=False)
  File "/srv/test_matteo/MG5_aMC_v3_5_0/LO+1j_f/ggF_norm/bin/internal/extended_cmd.py", line 1572, in exec_cmd
    stop = Cmd.onecmd_orig(current_interface, line, **opt)
  File "/srv/test_matteo/MG5_aMC_v3_5_0/LO+1j_f/ggF_norm/bin/internal/extended_cmd.py", line 1492, in onecmd_orig
    return func(arg, **opt)
  File "/srv/test_matteo/MG5_aMC_v3_5_0/LO+1j_f/ggF_norm/bin/internal/madevent_interface.py", line 3638, in do_refine
    self.monitor(run_type='All job submitted for refine number %s' % self.nb_refine,
  File "/srv/test_matteo/MG5_aMC_v3_5_0/LO+1j_f/ggF_norm/bin/internal/madevent_interface.py", line 5762, in monitor
    self.cluster.wait(self.me_dir, update_status, update_first=update_first)
  File "/srv/test_matteo/MG5_aMC_v3_5_0/LO+1j_f/ggF_norm/bin/internal/cluster.py", line 845, in wait
    six.reraise(self.fail_msg[0], self.fail_msg[1], self.fail_msg[2])
  File "/cvmfs/sft.cern.ch/lcg/releases/LCG_105/six/1.16.0/x86_64-el9-gcc13-opt/lib/python3.9/site-packages/six.py", line 719, in reraise
    raise value
  File "/srv/test_matteo/MG5_aMC_v3_5_0/LO+1j_f/ggF_norm/bin/internal/cluster.py", line 673, in worker
    returncode = exe(*arg, **opt)
  File "/srv/test_matteo/MG5_aMC_v3_5_0/LO+1j_f/ggF_norm/bin/internal/gen_ximprove.py", line 1632, in combine_iteration
    grid_calculator, cross, error = self.combine_grid(Pdir, G, step)
  File "/srv/test_matteo/MG5_aMC_v3_5_0/LO+1j_f/ggF_norm/bin/internal/gen_ximprove.py", line 692, in combine_grid
    fsock  = misc.mult_try_open(pjoin(path, 'results.dat'))
  File "/srv/test_matteo/MG5_aMC_v3_5_0/LO+1j_f/ggF_norm/bin/internal/misc.py", line 437, in deco_f_retry
    raise my_error.__class__('[Fail %i times] \n %s ' % (i+1, my_error))
FileNotFoundError: [Fail 5 times] 
 [Errno 2] No such file or directory: '/srv/test_matteo/MG5_aMC_v3_5_0/LO+1j_f/ggF_norm/SubProcesses/P1_gg_llllg/G3.07_1/results.dat' 
Related File: None
                              Run Options    
                              -----------    
               stdout_level 	:	None

                         MadEvent Options    
                         ----------------    
     automatic_html_opening 	:	False (user set)
        notification_center 	:	True
                   run_mode 	:	2
              cluster_queue 	:	None
               cluster_time 	:	None
               cluster_size 	:	100
             cluster_memory 	:	None
                    nb_core 	:	512 (user set)
          cluster_temp_path 	:	None

                      Configuration Options    
                      ---------------------    
               pythia8_path 	:	/srv/test_matteo/MG5_aMC_v3_5_0/HEPTools/pythia8 (user set)
                  hwpp_path 	:	None (user set)
                thepeg_path 	:	None (user set)
                 hepmc_path 	:	/srv/test_matteo/MG5_aMC_v3_5_0/HEPTools/hepmc (user set)
           madanalysis_path 	:	None (user set)
          madanalysis5_path 	:	None (user set)
            pythia-pgs_path 	:	None (user set)
                    td_path 	:	None (user set)
               delphes_path 	:	None (user set)
        exrootanalysis_path 	:	None (user set)
               syscalc_path 	:	None (user set)
                 rivet_path 	:	None
                  yoda_path 	:	None
                     lhapdf 	:	/srv/test_matteo/MG5_aMC_v3_5_0/HEPTools/lhapdf6_py3/bin/lhapdf-config (user set)
                 lhapdf_py2 	:	None
                 lhapdf_py3 	:	/srv/test_matteo/MG5_aMC_v3_5_0/HEPTools/lhapdf6_py3/bin/lhapdf-config (user set)
                    timeout 	:	60
              f2py_compiler 	:	None
          f2py_compiler_py2 	:	None
          f2py_compiler_py3 	:	None
                web_browser 	:	None
                 eps_viewer 	:	None
                text_editor 	:	None
           fortran_compiler 	:	None
               cpp_compiler 	:	None
                auto_update 	:	7 (user set)
               cluster_type 	:	condor
      cluster_status_update 	:	(600, 30)
           cluster_nb_retry 	:	1
         cluster_local_path 	:	None
         cluster_retry_wait 	:	300
#************************************************************
#*                     MadGraph5_aMC@NLO                    *
#*                                                          *
#*                *                       *                 *
#*                  *        * *        *                   *
#*                    * * * * 5 * * * *                     *
#*                  *        * *        *                   *
#*                *                       *                 *
#*                                                          *
#*                                                          *
#*         VERSION 3.5.2                 2023-11-08         *
#*                                                          *
#*    The MadGraph5_aMC@NLO Development Team - Find us at   *
#*    https://server06.fynu.ucl.ac.be/projects/madgraph     *
#*                                                          *
#************************************************************
#*                                                          *
#*               Command File for MadGraph5_aMC@NLO         *
#*                                                          *
#*     run as ./bin/mg5_aMC  filename                       *
#*                                                          *
#************************************************************
set group_subprocesses Auto
set ignore_six_quark_processes False
set low_mem_multicore_nlo_generation False
set complex_mass_scheme False
set include_lepton_initiated_processes False
set gauge unitary
set loop_optimized_output True
set loop_color_flows False
set max_npoint_for_channel 0
set default_unset_couplings 99
set max_t_for_channel 99
set zerowidth_tchannel True
set nlo_mixed_expansion True
import model sm
define p = g u c d s u~ c~ d~ s~
define j = g u c d s u~ c~ d~ s~
define l+ = e+ mu+
define l- = e- mu-
define vl = ve vm vt
define vl~ = ve~ vm~ vt~
import model loop_sm
define p = g u c d s b u~ c~ d~ s~ b~
define j = g u c d s b u~ c~ d~ s~ b~
generate p p  > e+ e- mu+ mu-   QED=4 QCD=2 [noborn = QCD] --loop_filt\
er=True @0
add process p p  > e+ e- mu+ mu- j QED=4 QCD=3 [noborn = QCD] --loop_f\
ilter=True @1
output ggS_xqcut10_qcut20
######################################################################
## PARAM_CARD AUTOMATICALY GENERATED BY MG5                       ####
######################################################################
###################################
## INFORMATION FOR MASS
###################################
BLOCK MASS # 
      5 0.000000e+00 # mb
      6 1.732000e+02 # mt
      15 1.776820e+00 # mta
      23 9.118760e+01 # mz
      25 1.251000e+02 # mh
      1 0.000000e+00 # d : 0.0
      2 0.000000e+00 # u : 0.0
      3 0.000000e+00 # s : 0.0
      4 0.000000e+00 # c : 0.0
      11 0.000000e+00 # e- : 0.0
      12 0.000000e+00 # ve : 0.0
      13 0.000000e+00 # mu- : 0.0
      14 0.000000e+00 # vm : 0.0
      16 0.000000e+00 # vt : 0.0
      21 0.000000e+00 # g : 0.0
      22 0.000000e+00 # a : 0.0
      24 8.039800e+01 # w+ : cmath.sqrt(mz__exp__2/2. + cmath.sqrt(mz__exp__4/4. - (aew*cmath.pi*mz__exp__2)/(gf*sqrt__2)))
###################################
## INFORMATION FOR SMINPUTS
###################################
BLOCK SMINPUTS # 
      1 1.323384e+02 # aewm1
      2 1.166390e-05 # gf
      3 1.180023e-01 # as (note that parameter not used if you use a pdf set)
###################################
## INFORMATION FOR YUKAWA
###################################
BLOCK YUKAWA # 
      5 0.000000e+00 # ymb
      6 1.732000e+02 # ymt
      15 1.777000e+00 # ymtau
###################################
## INFORMATION FOR DECAY
###################################
DECAY 6 0.000000e+00 # wt
DECAY 23 2.495200e+00 # wz
DECAY 24 2.105400e+00 # ww
DECAY 25 4.030000e-03 # wh
DECAY 1 0.000000e+00 # d : 0.0
DECAY 2 0.000000e+00 # u : 0.0
DECAY 3 0.000000e+00 # s : 0.0
DECAY 4 0.000000e+00 # c : 0.0
DECAY 5 0.000000e+00 # b : 0.0
DECAY 11 0.000000e+00 # e- : 0.0
DECAY 12 0.000000e+00 # ve : 0.0
DECAY 13 0.000000e+00 # mu- : 0.0
DECAY 14 0.000000e+00 # vm : 0.0
DECAY 15 0.000000e+00 # ta- : 0.0
DECAY 16 0.000000e+00 # vt : 0.0
DECAY 21 0.000000e+00 # g : 0.0
DECAY 22 0.000000e+00 # a : 0.0
###################################
## INFORMATION FOR QNUMBERS 82
###################################
BLOCK QNUMBERS 82 #                                    gh
      1 0 # 3 times electric charge
      2 1 # number of spin states (2s+1)
      3 8 # colour rep (1: singlet, 3: triplet, 8: octet)
      4 1 # particle/antiparticle distinction (0=own anti)

#*********************************************************************
#                       MadGraph5_aMC@NLO                            *
#                                                                    *
#                     run_card.dat MadEvent                          *
#                                                                    *
#  This file is used to set the parameters of the run.               *
#                                                                    *
#  Some notation/conventions:                                        *
#                                                                    *
#   Lines starting with a '# ' are info or comments                  *
#                                                                    *
#   mind the format:   value    = variable     ! comment             *
#                                                                    *
#   To display more options, you can type the command:               *
#      update to_full                                                *
#*********************************************************************
#                                                                    
#*********************************************************************
# Tag name for the run (one word)                                    *
#*********************************************************************
  tag_1     = run_tag ! name of the run 
#*********************************************************************
# Number of events and rnd seed                                      *
# Warning: Do not generate more than 1M events in a single run       *
#*********************************************************************
  10000 = nevents ! Number of unweighted events requested 
  0   = iseed   ! rnd seed (0=assigned automatically=default))
#*********************************************************************
# Collider type and energy                                           *
# lpp: 0=No PDF, 1=proton, -1=antiproton,                            *
#                2=elastic photon of proton/ion beam                 *
#             +/-3=PDF of electron/positron beam                     *
#             +/-4=PDF of muon/antimuon beam                         *
#*********************************************************************
     1        = lpp1    ! beam 1 type 
     1        = lpp2    ! beam 2 type
     6500.0     = ebeam1  ! beam 1 total energy in GeV
     6500.0     = ebeam2  ! beam 2 total energy in GeV
# To see polarised beam options: type "update beam_pol"

#*********************************************************************
# PDF CHOICE: this automatically fixes alpha_s and its evol.         *
# pdlabel: lhapdf=LHAPDF (installation needed) [1412.7420]           *
#          iww=Improved Weizsaecker-Williams Approx.[hep-ph/9310350] *
#          eva=Effective W/Z/A Approx.       [2111.02442]            *
#          edff=EDFF in gamma-UPC            [eq.(11) in 2207.03012] *
#          chff=ChFF in gamma-UPC            [eq.(13) in 2207.03012] *
#          none=No PDF, same as lhapdf with lppx=0                   *
#*********************************************************************
     lhapdf    = pdlabel     ! PDF set 
     260000    = lhaid     ! if pdlabel=lhapdf, this is the lhapdf number
# To see heavy ion options: type "update ion_pdf"
#*********************************************************************
# Renormalization and factorization scales                           *
#*********************************************************************
 False = fixed_ren_scale  ! if .true. use fixed ren scale
 False = fixed_fac_scale  ! if .true. use fixed fac scale
 91.188  = scale            ! fixed ren scale
 91.188  = dsqrt_q2fact1    ! fixed fact scale for pdf1
 91.188  = dsqrt_q2fact2    ! fixed fact scale for pdf2
 0 = dynamical_scale_choice ! Choose one of the preselected dynamical choices
 1.0  = scalefact        ! scale factor for event-by-event scales

 
#*********************************************************************
# Type and output format
#*********************************************************************
  False     = gridpack  !True = setting up the grid pack
  -1.0 = time_of_flight ! threshold (in mm) below which the invariant livetime is not written (-1 means not written)
  average =  event_norm       ! average/sum. Normalization of the weight in the LHEF
#*********************************************************************
# Matching parameter (MLM only)
#*********************************************************************
 1 = ickkw            ! 0 no matching, 1 MLM
 1.0 = alpsfact         ! scale factor for QCD emission vx
 False = chcluster        ! cluster only according to channel diag
 5 = asrwgtflavor     ! highest quark flavor for a_s reweight
 False  = auto_ptj_mjj  ! Automatic setting of ptj and mjj if xqcut >0
                                   ! (turn off for VBF and single top processes)
 10.0   = xqcut   ! minimum kt jet measure between partons

#***********************************************************************
# Turn on either the ktdurham or ptlund cut to activate                *
# CKKW(L) merging with Pythia8 [arXiv:1410.3012, arXiv:1109.4829]      *
#***********************************************************************
 -1.0  =  ktdurham
 0.4   =  dparameter
 -1.0  =  ptlund
 1, 2, 3, 4, 5, 6, 21, 82  =  pdgs_for_merging_cut ! PDGs for two cuts above

#*********************************************************************
#
#*********************************************************************
# Phase-Space Optimization strategy (basic options)
#*********************************************************************
   1  = nhel          ! using helicities importance sampling or not.
                             ! 0: sum over helicity, 1: importance sampling
   1  = sde_strategy  ! default integration strategy (hep-ph/2021.00773)
                             ! 1 is old strategy (using amp square)
			     ! 2 is new strategy (using only the denominator)
# To see advanced option for Phase-Space optimization: type "update psoptim"			     
#*********************************************************************
# Customization (custom cuts/scale/bias/...)                         *
# list of files containing fortran function that overwrite default   *
#*********************************************************************
  = custom_fcts ! List of files containing user hook function
#*******************************                                                 
# Parton level cuts definition *
#*******************************
  0.0  = dsqrt_shat ! minimal shat for full process
#                                                                    
#
#*********************************************************************
# BW cutoff (M+/-bwcutoff*Gamma) ! Define on/off-shell for "$" and decay  
#*********************************************************************
  15.0  = bwcutoff      ! (M+/-bwcutoff*Gamma)
#*********************************************************************
# Standard Cuts                                                      *
#*********************************************************************
# Minimum and maximum pt's (for max, -1 means no cut)                *
#*********************************************************************
 0.0  = ptj       ! minimum pt for the jets 
 0.0  = ptl       ! minimum pt for the charged leptons 
 -1.0  = ptjmax    ! maximum pt for the jets
 -1.0  = ptlmax    ! maximum pt for the charged leptons
 {} = pt_min_pdg ! pt cut for other particles (use pdg code). Applied on particle and anti-particle
 {}	= pt_max_pdg ! pt cut for other particles (syntax e.g. {6: 100, 25: 50}) 
#
# For display option for energy cut in the partonic center of mass frame type 'update ecut'
#
#*********************************************************************
# Maximum and minimum absolute rapidity (for max, -1 means no cut)   *
#*********************************************************************
 -1 = etaj    ! max rap for the jets 
 -1  = etal    ! max rap for the charged leptons 
 0.0  = etalmin ! main rap for the charged leptons
 {} = eta_min_pdg ! rap cut for other particles (use pdg code). Applied on particle and anti-particle
 {} = eta_max_pdg ! rap cut for other particles (syntax e.g. {6: 2.5, 23: 5})
#*********************************************************************
# Minimum and maximum DeltaR distance                                *
#*********************************************************************
 0.0 = drll    ! min distance between leptons 
 0.0 = drjl    ! min distance between jet and lepton 
 -1.0  = drllmax ! max distance between leptons
 -1.0  = drjlmax ! max distance between jet and lepton
#*********************************************************************
# Minimum and maximum invariant mass for pairs                       *
 # WARNING: for four lepton final state mmll cut require to have      *
 #          different lepton masses for each flavor!                  *           
#*********************************************************************
 60.0   = mmll    ! min invariant mass of l+l- (same flavour) lepton pair
 120.0  = mmllmax ! max invariant mass of l+l- (same flavour) lepton pair
 {} = mxx_min_pdg ! min invariant mass of a pair of particles X/X~ (e.g. {6:250})
 {'default': False} = mxx_only_part_antipart ! if True the invariant mass is applied only 
                       ! to pairs of particle/antiparticle and not to pairs of the same pdg codes.  
 #*********************************************************************
 # Minimum and maximum invariant mass for all letpons                 *
 #*********************************************************************
 150.0   = mmnl    ! min invariant mass for all letpons (l+- and vl) 
 500.0  = mmnlmax ! max invariant mass for all letpons (l+- and vl) 
 #*********************************************************************
 # Minimum and maximum pt for 4-momenta sum of leptons / neutrino     *
 #  for pair of lepton includes only same flavor, opposite charge
 #*********************************************************************
 0.1   = ptllmin  ! Minimum pt for 4-momenta sum of leptons(l and vl)
 -1.0  = ptllmax  ! Maximum pt for 4-momenta sum of leptons(l and vl)
#*********************************************************************
# Inclusive cuts                                                     *
#*********************************************************************
 0.0  = xptl ! minimum pt for at least one charged lepton 
 #*********************************************************************
 # Control the pt's of leptons sorted by pt                           *
 #*********************************************************************
 0.0   = ptl1min ! minimum pt for the leading lepton in pt
 0.0   = ptl2min ! minimum pt for the second lepton in pt
 0.0   = ptl3min ! minimum pt for the third lepton in pt
 0.0   = ptl4min ! minimum pt for the fourth lepton in pt
 -1.0  = ptl1max ! maximum pt for the leading lepton in pt 
 -1.0  = ptl2max ! maximum pt for the second lepton in pt
 -1.0  = ptl3max ! maximum pt for the third lepton in pt
 -1.0  = ptl4max ! maximum pt for the fourth lepton in pt
#*********************************************************************
# maximal pdg code for quark to be considered as a light jet         *
# (otherwise b cuts are applied)                                     *
#*********************************************************************
 5 = maxjetflavor    ! Maximum jet pdg code
#*********************************************************************
#
#*********************************************************************
# Store info for systematics studies                                 *
# WARNING: Do not use for interference type of computation           *
#*********************************************************************
   True  = use_syst      ! Enable systematics studies
#
systematics = systematics_program ! none, systematics [python], SysCalc [depreceted, C++]
['--mur=0.5,1,2', '--muf=0.5,1,2', '--pdf=central', '--dyn=-1'] = systematics_arguments ! see: https://cp3.irmp.ucl.ac.be/projects/madgraph/wiki/Systematics#Systematicspythonmodule

0.   = pta
0.   = ptb
-1   = etab
0.   = drjj
0.   = draa
0.   = draj
0.   = dral
True   = cut_decays
